
[2017-01-31 00:13:47] eseye.INFO: [http 200] [OK] post -> https://login.eveonline.com/oauth/token/?grant_type=refresh_token [0.97s]
[2017-01-31 00:13:47] eseye.INFO: [http 200] [OK] get -> https://login.eveonline.com/oauth/verify/ [0.92s]
[2017-01-31 00:13:47] eseye.WARNING: An unknown URI was called. Allowing /character/{character_id}/
[2017-01-31 00:13:51] eseye.ERROR: [http 404] [NOT FOUND] get -> https://esi.tech.ccp.is/latest/character/92626011/?datasource=tranquility [3.77s]
[2017-01-31 00:13:51] eseye.WARNING: An unknown URI was called. Allowing /corporation/{corporation_id}/
[2017-01-31 00:13:52] eseye.ERROR: [http 404] [NOT FOUND] get -> https://esi.tech.ccp.is/latest/corporation//?datasource=tranquility [0.36s]
[2017-01-31 00:13:52] eseye.WARNING: An unknown URI was called. Allowing /alliance/{alliance_id}/
[2017-01-31 00:13:52] eseye.ERROR: [http 404] [NOT FOUND] get -> https://esi.tech.ccp.is/latest/alliance//?datasource=tranquility [0.24s]
[2017-01-31 00:16:15] eseye.INFO: [http 200] [OK] post -> https://login.eveonline.com/oauth/token/?grant_type=refresh_token [1.04s]
[2017-01-31 00:16:16] eseye.INFO: [http 200] [OK] get -> https://login.eveonline.com/oauth/verify/ [0.80s]
[2017-01-31 00:16:17] eseye.INFO: [http 200] [OK] get -> https://esi.tech.ccp.is/latest/characters/92626011/?datasource=tranquility [0.44s]
[2017-01-31 00:16:17] eseye.ERROR: [http 400] [Bad Request] get -> https://esi.tech.ccp.is/latest/corporations/98251577/?datasource=tranquility [0.00s]
[2017-01-31 00:16:17] eseye.ERROR: [http 404] [NOT FOUND] get -> https://esi.tech.ccp.is/latest/alliances//?datasource=tranquility [0.37s]
[2017-01-31 00:17:16] eseye.INFO: [http 200] [OK] post -> https://login.eveonline.com/oauth/token/?grant_type=refresh_token [0.92s]
[2017-01-31 00:17:17] eseye.INFO: [http 200] [OK] get -> https://login.eveonline.com/oauth/verify/ [0.90s]
[2017-01-31 00:17:17] eseye.INFO: [http 200] [OK] get -> https://esi.tech.ccp.is/latest/characters/92626011/?datasource=tranquility [0.35s]
[2017-01-31 00:17:18] eseye.INFO: [http 200] [OK] get -> https://esi.tech.ccp.is/latest/corporations/98251577/?datasource=tranquility [0.56s]
[2017-01-31 00:17:19] eseye.INFO: [http 200] [OK] get -> https://esi.tech.ccp.is/latest/alliances/99004116/?datasource=tranquility [0.62s]
[2017-01-31 00:23:18] eseye.INFO: [http 200] [OK] post -> https://login.eveonline.com/oauth/token/?grant_type=refresh_token [1.08s]
[2017-01-31 00:23:19] eseye.INFO: [http 200] [OK] get -> https://login.eveonline.com/oauth/verify/ [0.81s]
[2017-01-31 00:23:19] eseye.INFO: [http 200] [OK] get -> https://esi.tech.ccp.is/latest/characters/92626011/?datasource=tranquility [0.13s]
[2017-01-31 00:23:19] eseye.ERROR: [http 400] [Bad Request] get -> https://esi.tech.ccp.is/latest/corporations/98251577/?datasource=tranquility [0.12s]
[2017-01-31 00:23:20] eseye.ERROR: [http 404] [NOT FOUND] get -> https://esi.tech.ccp.is/latest/alliances//?datasource=tranquility [0.46s]
[2017-01-31 00:49:39] eseye.INFO: [http 200] [OK] post -> https://login.eveonline.com/oauth/token/?grant_type=refresh_token [0.94s]
[2017-01-31 00:49:40] eseye.INFO: [http 200] [OK] get -> https://login.eveonline.com/oauth/verify/ [0.83s]
[2017-01-31 00:49:44] eseye.INFO: [http 200] [OK] get -> https://esi.tech.ccp.is/latest/characters/92626011/?datasource=tranquility [3.93s]
[2017-01-31 00:49:44] eseye.INFO: [http 200] [OK] get -> https://esi.tech.ccp.is/latest/corporations/98251577/?datasource=tranquility [0.22s]
[2017-01-31 00:49:44] eseye.INFO: [http 200] [OK] get -> https://esi.tech.ccp.is/latest/alliances/99004116/?datasource=tranquility [0.43s]
[2017-01-31 01:54:29] eseye.INFO: [http 200] [OK] post -> https://login.eveonline.com/oauth/token/?grant_type=refresh_token [0.97s]
[2017-01-31 01:54:30] eseye.INFO: [http 200] [OK] get -> https://login.eveonline.com/oauth/verify/ [0.80s]
[2017-01-31 01:54:31] eseye.INFO: [http 200] [OK] get -> https://esi.tech.ccp.is/latest/characters/92626011/?datasource=tranquility [0.61s]
[2017-01-31 01:54:31] eseye.INFO: [http 200] [OK] get -> https://esi.tech.ccp.is/latest/corporations/98251577/?datasource=tranquility [0.59s]
[2017-01-31 01:54:32] eseye.INFO: [http 200] [OK] get -> https://esi.tech.ccp.is/latest/alliances/99004116/?datasource=tranquility [0.49s]
